0 silly input [ 'publish' ]
1 silly flags { _: [ 'publish' ], 'reject-cycles': false, rejectCycles: false }
2 verbose rootPath /home/anton/Desktop/test-lerna
3 info version 2.11.0
4 silly isInitialized
5 silly isInitialized true
6 silly existsSync /home/anton/Desktop/test-lerna/VERSION
7 silly initialize attempt
8 info current version 0.0.1-3.0
9 silly isDetachedHead
10 silly getCurrentBranch
11 verbose getCurrentBranch master
12 verbose isDetachedHead false
13 silly getCurrentBranch
14 verbose getCurrentBranch master
15 silly getUpdates
16 info Checking for updated packages...
17 silly hasTags
18 verbose hasTags true
19 silly getLastTag
20 verbose getLastTag v0.0.1-3.0
21 info Comparing with v0.0.1-3.0.
22 silly diffSinceIn v0.0.1-3.0 packages/test-lerna-pacakge-1
23 silly diff
24 silly diffSinceIn v0.0.1-3.0 packages/test-lerna-pacakge-2
25 silly diff
26 silly diffSinceIn v0.0.1-3.0 packages/test-lerna-pacakge-3
27 silly diff
28 info Checking for prereleased packages...
29 verbose prereleased test-lerna-pacakge-1
30 verbose prereleased test-lerna-pacakge-2
31 verbose prereleased test-lerna-pacakge-3
32 silly collectDependents
33 silly isPackageDependentOf test-lerna-pacakge-1 test-lerna-pacakge-1
34 silly isPackageDependentOf test-lerna-pacakge-1 test-lerna-pacakge-2
35 silly isPackageDependentOf test-lerna-pacakge-1 test-lerna-pacakge-3
36 silly isPackageDependentOf test-lerna-pacakge-2 test-lerna-pacakge-1
37 silly isPackageDependentOf test-lerna-pacakge-2 test-lerna-pacakge-2
38 silly isPackageDependentOf test-lerna-pacakge-2 test-lerna-pacakge-3
39 silly isPackageDependentOf test-lerna-pacakge-3 test-lerna-pacakge-1
40 silly isPackageDependentOf test-lerna-pacakge-3 test-lerna-pacakge-2
41 silly isPackageDependentOf test-lerna-pacakge-3 test-lerna-pacakge-3
42 silly collectUpdates
43 verbose has filtered update test-lerna-pacakge-1
44 verbose has filtered update test-lerna-pacakge-2
45 verbose has filtered update test-lerna-pacakge-3
46 silly initialize success
47 silly execute attempt
48 silly addFile /home/anton/Desktop/test-lerna/lerna.json
49 silly runScriptSync preversion undefined
50 silly runScriptSync preversion test-lerna-pacakge-1
51 silly runScriptSync version test-lerna-pacakge-1
52 silly runScriptSync preversion test-lerna-pacakge-2
53 silly runScriptSync version test-lerna-pacakge-2
54 silly runScriptSync preversion test-lerna-pacakge-3
55 silly runScriptSync version test-lerna-pacakge-3
56 silly runScriptSync version undefined
57 silly addFile /home/anton/Desktop/test-lerna/packages/test-lerna-pacakge-1/package.json
58 silly addFile /home/anton/Desktop/test-lerna/packages/test-lerna-pacakge-2/package.json
59 silly addFile /home/anton/Desktop/test-lerna/packages/test-lerna-pacakge-3/package.json
60 silly commit v0.0.1-3.1
61 verbose commit [ 'commit', '--no-verify', '-m', 'v0.0.1-3.1' ]
62 silly addTag v0.0.1-3.1
63 silly runScriptSync postversion test-lerna-pacakge-1
64 silly runScriptSync postversion test-lerna-pacakge-2
65 silly runScriptSync postversion test-lerna-pacakge-3
66 silly runScriptSync postversion undefined
67 info publish Publishing packages to npm...
68 silly existsSync /home/anton/Desktop/test-lerna/packages/test-lerna-pacakge-1/scripts/prepublish.js
69 verbose execScript No prepublish script found at /home/anton/Desktop/test-lerna/packages/test-lerna-pacakge-1/scripts/prepublish.js
70 silly existsSync /home/anton/Desktop/test-lerna/packages/test-lerna-pacakge-2/scripts/prepublish.js
71 verbose execScript No prepublish script found at /home/anton/Desktop/test-lerna/packages/test-lerna-pacakge-2/scripts/prepublish.js
72 silly existsSync /home/anton/Desktop/test-lerna/packages/test-lerna-pacakge-3/scripts/prepublish.js
73 verbose execScript No prepublish script found at /home/anton/Desktop/test-lerna/packages/test-lerna-pacakge-3/scripts/prepublish.js
74 verbose publishing test-lerna-pacakge-1
75 silly publishTaggedInDir latest test-lerna-pacakge-1
76 silly getExecOpts { cwd: '/home/anton/Desktop/test-lerna/packages/test-lerna-pacakge-1' }
77 verbose publishing test-lerna-pacakge-2
78 silly publishTaggedInDir latest test-lerna-pacakge-2
79 silly getExecOpts { cwd: '/home/anton/Desktop/test-lerna/packages/test-lerna-pacakge-2' }
80 verbose publishing test-lerna-pacakge-3
81 silly publishTaggedInDir latest test-lerna-pacakge-3
82 silly getExecOpts { cwd: '/home/anton/Desktop/test-lerna/packages/test-lerna-pacakge-3' }
83 error publish Retrying failed publish: test-lerna-pacakge-1
84 verbose publish error undefined
85 verbose publishing test-lerna-pacakge-1
86 silly publishTaggedInDir latest test-lerna-pacakge-1
87 silly getExecOpts { cwd: '/home/anton/Desktop/test-lerna/packages/test-lerna-pacakge-1' }
88 error publish Retrying failed publish: test-lerna-pacakge-3
89 verbose publish error undefined
90 verbose publishing test-lerna-pacakge-3
91 silly publishTaggedInDir latest test-lerna-pacakge-3
92 silly getExecOpts { cwd: '/home/anton/Desktop/test-lerna/packages/test-lerna-pacakge-3' }
93 error publish Retrying failed publish: test-lerna-pacakge-2
94 verbose publish error undefined
95 verbose publishing test-lerna-pacakge-2
96 silly publishTaggedInDir latest test-lerna-pacakge-2
97 silly getExecOpts { cwd: '/home/anton/Desktop/test-lerna/packages/test-lerna-pacakge-2' }
98 error publish Retrying failed publish: test-lerna-pacakge-1
99 verbose publish error undefined
100 verbose publishing test-lerna-pacakge-1
101 silly publishTaggedInDir latest test-lerna-pacakge-1
102 silly getExecOpts { cwd: '/home/anton/Desktop/test-lerna/packages/test-lerna-pacakge-1' }
103 error publish Retrying failed publish: test-lerna-pacakge-2
104 verbose publish error undefined
105 verbose publishing test-lerna-pacakge-2
106 silly publishTaggedInDir latest test-lerna-pacakge-2
107 silly getExecOpts { cwd: '/home/anton/Desktop/test-lerna/packages/test-lerna-pacakge-2' }
108 error publish Retrying failed publish: test-lerna-pacakge-3
109 verbose publish error undefined
110 verbose publishing test-lerna-pacakge-3
111 silly publishTaggedInDir latest test-lerna-pacakge-3
112 silly getExecOpts { cwd: '/home/anton/Desktop/test-lerna/packages/test-lerna-pacakge-3' }
113 error publish Retrying failed publish: test-lerna-pacakge-1
114 verbose publish error undefined
115 verbose publishing test-lerna-pacakge-1
116 silly publishTaggedInDir latest test-lerna-pacakge-1
117 silly getExecOpts { cwd: '/home/anton/Desktop/test-lerna/packages/test-lerna-pacakge-1' }
118 error publish Retrying failed publish: test-lerna-pacakge-2
119 verbose publish error undefined
120 verbose publishing test-lerna-pacakge-2
121 silly publishTaggedInDir latest test-lerna-pacakge-2
122 silly getExecOpts { cwd: '/home/anton/Desktop/test-lerna/packages/test-lerna-pacakge-2' }
123 error publish Retrying failed publish: test-lerna-pacakge-3
124 verbose publish error undefined
125 verbose publishing test-lerna-pacakge-3
126 silly publishTaggedInDir latest test-lerna-pacakge-3
127 silly getExecOpts { cwd: '/home/anton/Desktop/test-lerna/packages/test-lerna-pacakge-3' }
128 error publish Retrying failed publish: test-lerna-pacakge-1
129 verbose publish error undefined
130 verbose publishing test-lerna-pacakge-1
131 silly publishTaggedInDir latest test-lerna-pacakge-1
132 silly getExecOpts { cwd: '/home/anton/Desktop/test-lerna/packages/test-lerna-pacakge-1' }
133 error publish Retrying failed publish: test-lerna-pacakge-2
134 verbose publish error undefined
135 verbose publishing test-lerna-pacakge-2
136 silly publishTaggedInDir latest test-lerna-pacakge-2
137 silly getExecOpts { cwd: '/home/anton/Desktop/test-lerna/packages/test-lerna-pacakge-2' }
138 error publish Retrying failed publish: test-lerna-pacakge-3
139 verbose publish error undefined
140 verbose publishing test-lerna-pacakge-3
141 silly publishTaggedInDir latest test-lerna-pacakge-3
142 silly getExecOpts { cwd: '/home/anton/Desktop/test-lerna/packages/test-lerna-pacakge-3' }
143 error publish Ran out of retries while publishing test-lerna-pacakge-1 Error: Command failed: npm publish --tag latest
143 error publish npm ERR! publish Failed PUT 403
143 error publish npm ERR! code E403
143 error publish npm ERR! Package name triggered spam detection; if you believe this is in error, please contact support@npmjs.com : test-lerna-pacakge-1
143 error publish
143 error publish npm ERR! A complete log of this run can be found in:
143 error publish npm ERR!     /home/anton/.npm/_logs/2018-05-02T16_57_49_243Z-debug.log
143 error publish
143 error publish     at Promise.all.then.arr (/usr/lib/node_modules/lerna/node_modules/execa/index.js:236:11)
143 error publish     at <anonymous>
143 error publish     at process._tickCallback (internal/process/next_tick.js:188:7)
144 error execute callback with error
145 error Error: Command failed: npm publish --tag latest
145 error npm ERR! publish Failed PUT 403
145 error npm ERR! code E403
145 error npm ERR! Package name triggered spam detection; if you believe this is in error, please contact support@npmjs.com : test-lerna-pacakge-1
145 error
145 error npm ERR! A complete log of this run can be found in:
145 error npm ERR!     /home/anton/.npm/_logs/2018-05-02T16_57_49_243Z-debug.log
145 error
145 error     at Promise.all.then.arr (/usr/lib/node_modules/lerna/node_modules/execa/index.js:236:11)
145 error     at <anonymous>
